<?xml version="1.0" encoding="UTF-8"?>
<!-- Generated by org.testng.reporters.JUnitXMLReporter -->
<testsuite ignored="3" hostname="DESKTOP-NJ7HIPC" failures="0" tests="1" name="Default test" time="0.038" errors="0" timestamp="2025-03-10T19:45:48 IST">
  <testcase classname="forLoops" name="enhancedforLoop" time="0.007"/>
  <testcase classname="forLoops" name="SingleForloop" time="0.0">
    <ignored/>
  </testcase> <!-- SingleForloop -->
  <testcase classname="forLoops" name="infiniteForLoop" time="0.0">
    <ignored/>
  </testcase> <!-- infiniteForLoop -->
  <testcase classname="forLoops" name="LabeledForLoop" time="0.0">
    <ignored/>
  </testcase> <!-- LabeledForLoop -->
</testsuite> <!-- Default test -->
