<?xml version="1.0" encoding="UTF-8"?>
<testng-results ignored="3" total="4" passed="1" failed="0" skipped="0">
  <reporter-output>
  </reporter-output>
  <suite started-at="2025-03-10T19:45:48 IST" name="Default suite" finished-at="2025-03-10T19:45:48 IST" duration-ms="38">
    <groups>
      <group name="enhancedforLoop">
        <method signature="forLoops.enhancedforLoop()[pri:0, instance:forLoops@40cb8df7]" name="enhancedforLoop" class="forLoops"/>
      </group> <!-- enhancedforLoop -->
    </groups>
    <test started-at="2025-03-10T19:45:48 IST" name="Default test" finished-at="2025-03-10T19:45:48 IST" duration-ms="38">
      <class name="forLoops">
        <test-method signature="enhancedforLoop()[pri:0, instance:forLoops@40cb8df7]" started-at="2025-03-10T19:45:48 IST" name="enhancedforLoop" finished-at="2025-03-10T19:45:48 IST" duration-ms="7" status="PASS">
          <reporter-output>
          </reporter-output>
        </test-method> <!-- enhancedforLoop -->
      </class> <!-- forLoops -->
    </test> <!-- Default test -->
  </suite> <!-- Default suite -->
</testng-results>
