<?xml version="1.0" encoding="UTF-8"?>
<testng-results ignored="0" total="2" passed="2" failed="0" skipped="0">
  <reporter-output>
  </reporter-output>
  <suite started-at="2025-03-06T16:34:21 IST" name="Default suite" finished-at="2025-03-06T16:34:21 IST" duration-ms="50">
    <groups>
      <group name="enhancedforLoop">
        <method signature="forLoops.enhancedforLoop()[pri:0, instance:forLoops@2beee7ff]" name="enhancedforLoop" class="forLoops"/>
      </group> <!-- enhancedforLoop -->
    </groups>
    <test started-at="2025-03-06T16:34:21 IST" name="Default test" finished-at="2025-03-06T16:34:21 IST" duration-ms="50">
      <class name="forLoops">
        <test-method signature="enhancedforLoop()[pri:0, instance:forLoops@2beee7ff]" started-at="2025-03-06T16:34:21 IST" name="enhancedforLoop" finished-at="2025-03-06T16:34:21 IST" duration-ms="8" status="PASS">
          <reporter-output>
          </reporter-output>
        </test-method> <!-- enhancedforLoop -->
        <test-method signature="SingleForloop()[pri:0, instance:forLoops@2beee7ff]" started-at="2025-03-06T16:34:21 IST" name="SingleForloop" depends-on-groups="enhancedforLoop" finished-at="2025-03-06T16:34:21 IST" duration-ms="1" status="PASS">
          <reporter-output>
          </reporter-output>
        </test-method> <!-- SingleForloop -->
      </class> <!-- forLoops -->
    </test> <!-- Default test -->
  </suite> <!-- Default suite -->
</testng-results>
